<?xml version="1.0" encoding="UTF-8"?>
<testsuite name="com.chany.book.springboot.web.HelloControllerTest" tests="2" skipped="0" failures="0" errors="0" timestamp="2020-03-20T07:30:53" hostname="DESKTOP-LO4DD99" time="0.219">
  <properties/>
  <testcase name="hello가_리턴된다" classname="com.chany.book.springboot.web.HelloControllerTest" time="0.096"/>
  <testcase name="helloDto가_리턴된다" classname="com.chany.book.springboot.web.HelloControllerTest" time="0.122"/>
  <system-out><![CDATA[2020-03-20 16:30:52.226  INFO 20292 --- [    Test worker] .b.t.a.w.s.WebMvcTestContextBootstrapper : Neither @ContextConfiguration nor @ContextHierarchy found for test class [com.chany.book.springboot.web.HelloControllerTest], using SpringBootContextLoader
2020-03-20 16:30:52.227  INFO 20292 --- [    Test worker] o.s.t.c.support.AbstractContextLoader    : Could not detect default resource locations for test class [com.chany.book.springboot.web.HelloControllerTest]: no resource found for suffixes {-context.xml, Context.groovy}.
2020-03-20 16:30:52.228  INFO 20292 --- [    Test worker] t.c.s.AnnotationConfigContextLoaderUtils : Could not detect default configuration classes for test class [com.chany.book.springboot.web.HelloControllerTest]: HelloControllerTest does not declare any static, non-private, non-final, nested classes annotated with @Configuration.
2020-03-20 16:30:52.259  INFO 20292 --- [    Test worker] .b.t.c.SpringBootTestContextBootstrapper : Found @SpringBootConfiguration com.chany.book.springboot.Application for test class com.chany.book.springboot.web.HelloControllerTest
2020-03-20 16:30:52.260  INFO 20292 --- [    Test worker] .b.t.a.w.s.WebMvcTestContextBootstrapper : Loaded default TestExecutionListener class names from location [META-INF/spring.factories]: [org.springframework.security.test.context.support.WithSecurityContextTestExecutionListener, org.springframework.security.test.context.support.ReactorContextTestExecutionListener, org.springframework.boot.test.autoconfigure.restdocs.RestDocsTestExecutionListener, org.springframework.boot.test.autoconfigure.web.client.MockRestServiceServerResetTestExecutionListener, org.springframework.boot.test.autoconfigure.web.servlet.MockMvcPrintOnlyOnFailureTestExecutionListener, org.springframework.boot.test.autoconfigure.web.servlet.WebDriverTestExecutionListener, org.springframework.boot.test.mock.mockito.MockitoTestExecutionListener, org.springframework.boot.test.mock.mockito.ResetMocksTestExecutionListener, org.springframework.test.context.web.ServletTestExecutionListener, org.springframework.test.context.support.DirtiesContextBeforeModesTestExecutionListener, org.springframework.test.context.support.DependencyInjectionTestExecutionListener, org.springframework.test.context.support.DirtiesContextTestExecutionListener, org.springframework.test.context.transaction.TransactionalTestExecutionListener, org.springframework.test.context.jdbc.SqlScriptsTestExecutionListener]
2020-03-20 16:30:52.262  INFO 20292 --- [    Test worker] .b.t.a.w.s.WebMvcTestContextBootstrapper : Using TestExecutionListeners: [org.springframework.test.context.web.ServletTestExecutionListener@3ccef0a, org.springframework.test.context.support.DirtiesContextBeforeModesTestExecutionListener@71b8805d, org.springframework.boot.test.mock.mockito.MockitoTestExecutionListener@55037c33, org.springframework.boot.test.autoconfigure.SpringBootDependencyInjectionTestExecutionListener@18fe03f0, org.springframework.test.context.support.DirtiesContextTestExecutionListener@7cae0b5a, org.springframework.test.context.transaction.TransactionalTestExecutionListener@4921c6fa, org.springframework.test.context.jdbc.SqlScriptsTestExecutionListener@70dd909, org.springframework.security.test.context.support.WithSecurityContextTestExecutionListener@6f04bb9b, org.springframework.security.test.context.support.ReactorContextTestExecutionListener@637c89fa, org.springframework.boot.test.autoconfigure.restdocs.RestDocsTestExecutionListener@24ad8579, org.springframework.boot.test.autoconfigure.web.client.MockRestServiceServerResetTestExecutionListener@4d01c574, org.springframework.boot.test.autoconfigure.web.servlet.MockMvcPrintOnlyOnFailureTestExecutionListener@713672c, org.springframework.boot.test.autoconfigure.web.servlet.WebDriverTestExecutionListener@a70d6d, org.springframework.boot.test.mock.mockito.ResetMocksTestExecutionListener@48e9d64d]

  .   ____          _            __ _ _
 /\\ / ___'_ __ _ _(_)_ __  __ _ \ \ \ \
( ( )\___ | '_ | '_| | '_ \/ _` | \ \ \ \
 \\/  ___)| |_)| | | | | || (_| |  ) ) ) )
  '  |____| .__|_| |_|_| |_\__, | / / / /
 =========|_|==============|___/=/_/_/_/
 :: Spring Boot ::        (v2.1.7.RELEASE)

2020-03-20 16:30:52.330  INFO 20292 --- [    Test worker] c.c.b.s.web.HelloControllerTest          : Starting HelloControllerTest on DESKTOP-LO4DD99 with PID 20292 (started by chann in C:\Users\chann\IdeaProjects\prac-springboot2-webservice)
2020-03-20 16:30:52.331  INFO 20292 --- [    Test worker] c.c.b.s.web.HelloControllerTest          : No active profile set, falling back to default profiles: default
2020-03-20 16:30:53.006  INFO 20292 --- [    Test worker] o.s.s.concurrent.ThreadPoolTaskExecutor  : Initializing ExecutorService 'applicationTaskExecutor'
2020-03-20 16:30:53.058  INFO 20292 --- [    Test worker] o.s.b.a.w.s.WelcomePageHandlerMapping    : Adding welcome page template: index
2020-03-20 16:30:53.407  INFO 20292 --- [    Test worker] .s.s.UserDetailsServiceAutoConfiguration : 

Using generated security password: bc4fa086-5003-40c4-9066-c7213f89c9b6

2020-03-20 16:30:53.638  INFO 20292 --- [    Test worker] o.s.s.web.DefaultSecurityFilterChain     : Creating filter chain: any request, [org.springframework.security.web.context.request.async.WebAsyncManagerIntegrationFilter@55741f49, org.springframework.security.web.context.SecurityContextPersistenceFilter@4babf1fa, org.springframework.security.web.header.HeaderWriterFilter@34e71652, org.springframework.security.web.csrf.CsrfFilter@3076d4f2, org.springframework.security.web.authentication.logout.LogoutFilter@6c73bca3, org.springframework.security.web.authentication.UsernamePasswordAuthenticationFilter@4480aa6f, org.springframework.security.web.authentication.ui.DefaultLoginPageGeneratingFilter@f6758d2, org.springframework.security.web.authentication.ui.DefaultLogoutPageGeneratingFilter@6f22df8c, org.springframework.security.web.authentication.www.BasicAuthenticationFilter@23be047c, org.springframework.security.web.savedrequest.RequestCacheAwareFilter@359354b0, org.springframework.security.web.servletapi.SecurityContextHolderAwareRequestFilter@39ca91d6, org.springframework.security.web.authentication.AnonymousAuthenticationFilter@3cecabf0, org.springframework.security.web.session.SessionManagementFilter@32b08578, org.springframework.security.web.access.ExceptionTranslationFilter@78d0d2c5, org.springframework.security.web.access.intercept.FilterSecurityInterceptor@1a11f384]
2020-03-20 16:30:53.692  INFO 20292 --- [    Test worker] o.s.b.t.m.w.SpringBootMockServletContext : Initializing Spring TestDispatcherServlet ''
2020-03-20 16:30:53.692  INFO 20292 --- [    Test worker] o.s.t.web.servlet.TestDispatcherServlet  : Initializing Servlet ''
2020-03-20 16:30:53.711  INFO 20292 --- [    Test worker] o.s.t.web.servlet.TestDispatcherServlet  : Completed initialization in 19 ms
2020-03-20 16:30:53.758  INFO 20292 --- [    Test worker] c.c.b.s.web.HelloControllerTest          : Started HelloControllerTest in 1.493 seconds (JVM running for 13.574)
]]></system-out>
  <system-err><![CDATA[]]></system-err>
</testsuite>
