<?xml version="1.0" encoding="UTF-8"?>
<testsuite name="com.chany.book.springboot.web.HelloControllerTest" tests="2" skipped="0" failures="0" errors="0" timestamp="2020-03-19T04:36:14" hostname="DESKTOP-LO4DD99" time="0.681">
  <properties/>
  <testcase name="hello가_리턴된다" classname="com.chany.book.springboot.web.HelloControllerTest" time="0.584"/>
  <testcase name="helloDto가_리턴된다" classname="com.chany.book.springboot.web.HelloControllerTest" time="0.095"/>
  <system-out><![CDATA[13:36:09.795 [Test worker] DEBUG org.springframework.test.context.junit4.SpringJUnit4ClassRunner - SpringJUnit4ClassRunner constructor called with [class com.chany.book.springboot.web.HelloControllerTest]
13:36:09.808 [Test worker] DEBUG org.springframework.test.context.BootstrapUtils - Instantiating CacheAwareContextLoaderDelegate from class [org.springframework.test.context.cache.DefaultCacheAwareContextLoaderDelegate]
13:36:09.820 [Test worker] DEBUG org.springframework.test.context.BootstrapUtils - Instantiating BootstrapContext using constructor [public org.springframework.test.context.support.DefaultBootstrapContext(java.lang.Class,org.springframework.test.context.CacheAwareContextLoaderDelegate)]
13:36:09.849 [Test worker] DEBUG org.springframework.test.context.BootstrapUtils - Instantiating TestContextBootstrapper for test class [com.chany.book.springboot.web.HelloControllerTest] from class [org.springframework.boot.test.autoconfigure.web.servlet.WebMvcTestContextBootstrapper]
13:36:09.879 [Test worker] INFO org.springframework.boot.test.autoconfigure.web.servlet.WebMvcTestContextBootstrapper - Neither @ContextConfiguration nor @ContextHierarchy found for test class [com.chany.book.springboot.web.HelloControllerTest], using SpringBootContextLoader
13:36:09.884 [Test worker] DEBUG org.springframework.test.context.support.AbstractContextLoader - Did not detect default resource location for test class [com.chany.book.springboot.web.HelloControllerTest]: class path resource [com/chany/book/springboot/web/HelloControllerTest-context.xml] does not exist
13:36:09.886 [Test worker] DEBUG org.springframework.test.context.support.AbstractContextLoader - Did not detect default resource location for test class [com.chany.book.springboot.web.HelloControllerTest]: class path resource [com/chany/book/springboot/web/HelloControllerTestContext.groovy] does not exist
13:36:09.886 [Test worker] INFO org.springframework.test.context.support.AbstractContextLoader - Could not detect default resource locations for test class [com.chany.book.springboot.web.HelloControllerTest]: no resource found for suffixes {-context.xml, Context.groovy}.
13:36:09.887 [Test worker] INFO org.springframework.test.context.support.AnnotationConfigContextLoaderUtils - Could not detect default configuration classes for test class [com.chany.book.springboot.web.HelloControllerTest]: HelloControllerTest does not declare any static, non-private, non-final, nested classes annotated with @Configuration.
13:36:09.987 [Test worker] DEBUG org.springframework.test.context.support.ActiveProfilesUtils - Could not find an 'annotation declaring class' for annotation type [org.springframework.test.context.ActiveProfiles] and class [com.chany.book.springboot.web.HelloControllerTest]
13:36:10.090 [Test worker] DEBUG org.springframework.context.annotation.ClassPathScanningCandidateComponentProvider - Identified candidate component class: file [C:\Users\chann\IdeaProjects\prac-springboot2-websevice\build\classes\java\main\com\chany\book\springboot\Application.class]
13:36:10.092 [Test worker] INFO org.springframework.boot.test.context.SpringBootTestContextBootstrapper - Found @SpringBootConfiguration com.chany.book.springboot.Application for test class com.chany.book.springboot.web.HelloControllerTest
13:36:10.095 [Test worker] DEBUG org.springframework.boot.test.autoconfigure.web.servlet.WebMvcTestContextBootstrapper - @TestExecutionListeners is not present for class [com.chany.book.springboot.web.HelloControllerTest]: using defaults.
13:36:10.096 [Test worker] INFO org.springframework.boot.test.autoconfigure.web.servlet.WebMvcTestContextBootstrapper - Loaded default TestExecutionListener class names from location [META-INF/spring.factories]: [org.springframework.security.test.context.support.WithSecurityContextTestExecutionListener, org.springframework.security.test.context.support.ReactorContextTestExecutionListener, org.springframework.boot.test.autoconfigure.restdocs.RestDocsTestExecutionListener, org.springframework.boot.test.autoconfigure.web.client.MockRestServiceServerResetTestExecutionListener, org.springframework.boot.test.autoconfigure.web.servlet.MockMvcPrintOnlyOnFailureTestExecutionListener, org.springframework.boot.test.autoconfigure.web.servlet.WebDriverTestExecutionListener, org.springframework.boot.test.mock.mockito.MockitoTestExecutionListener, org.springframework.boot.test.mock.mockito.ResetMocksTestExecutionListener, org.springframework.test.context.web.ServletTestExecutionListener, org.springframework.test.context.support.DirtiesContextBeforeModesTestExecutionListener, org.springframework.test.context.support.DependencyInjectionTestExecutionListener, org.springframework.test.context.support.DirtiesContextTestExecutionListener, org.springframework.test.context.transaction.TransactionalTestExecutionListener, org.springframework.test.context.jdbc.SqlScriptsTestExecutionListener]
13:36:10.132 [Test worker] INFO org.springframework.boot.test.autoconfigure.web.servlet.WebMvcTestContextBootstrapper - Using TestExecutionListeners: [org.springframework.test.context.web.ServletTestExecutionListener@86a21c3, org.springframework.test.context.support.DirtiesContextBeforeModesTestExecutionListener@4b7faaff, org.springframework.boot.test.mock.mockito.MockitoTestExecutionListener@67cc5a23, org.springframework.boot.test.autoconfigure.SpringBootDependencyInjectionTestExecutionListener@42f594b8, org.springframework.test.context.support.DirtiesContextTestExecutionListener@1b48c11c, org.springframework.test.context.transaction.TransactionalTestExecutionListener@2dd6a8d8, org.springframework.test.context.jdbc.SqlScriptsTestExecutionListener@28cef203, org.springframework.security.test.context.support.WithSecurityContextTestExecutionListener@4670f3f6, org.springframework.security.test.context.support.ReactorContextTestExecutionListener@1bed8a05, org.springframework.boot.test.autoconfigure.restdocs.RestDocsTestExecutionListener@3e571c8, org.springframework.boot.test.autoconfigure.web.client.MockRestServiceServerResetTestExecutionListener@5ce4d55d, org.springframework.boot.test.autoconfigure.web.servlet.MockMvcPrintOnlyOnFailureTestExecutionListener@1d4a6274, org.springframework.boot.test.autoconfigure.web.servlet.WebDriverTestExecutionListener@6a806e7a, org.springframework.boot.test.mock.mockito.ResetMocksTestExecutionListener@424329d3]
13:36:10.137 [Test worker] DEBUG org.springframework.test.annotation.ProfileValueUtils - Retrieved @ProfileValueSourceConfiguration [null] for test class [com.chany.book.springboot.web.HelloControllerTest]
13:36:10.138 [Test worker] DEBUG org.springframework.test.annotation.ProfileValueUtils - Retrieved ProfileValueSource type [class org.springframework.test.annotation.SystemProfileValueSource] for class [com.chany.book.springboot.web.HelloControllerTest]
13:36:10.139 [Test worker] DEBUG org.springframework.test.annotation.ProfileValueUtils - Retrieved @ProfileValueSourceConfiguration [null] for test class [com.chany.book.springboot.web.HelloControllerTest]
13:36:10.139 [Test worker] DEBUG org.springframework.test.annotation.ProfileValueUtils - Retrieved ProfileValueSource type [class org.springframework.test.annotation.SystemProfileValueSource] for class [com.chany.book.springboot.web.HelloControllerTest]
13:36:10.146 [Test worker] DEBUG org.springframework.test.context.support.AbstractDirtiesContextTestExecutionListener - Before test class: context [DefaultTestContext@497ae47e testClass = HelloControllerTest, testInstance = [null], testMethod = [null], testException = [null], mergedContextConfiguration = [WebMergedContextConfiguration@72ff70ac testClass = HelloControllerTest, locations = '{}', classes = '{class com.chany.book.springboot.Application}', contextInitializerClasses = '[]', activeProfiles = '{}', propertySourceLocations = '{}', propertySourceProperties = '{org.springframework.boot.test.autoconfigure.web.servlet.WebMvcTestContextBootstrapper=true}', contextCustomizers = set[org.springframework.boot.test.autoconfigure.OverrideAutoConfigurationContextCustomizerFactory$DisableAutoConfigurationContextCustomizer@128b455a, org.springframework.boot.test.autoconfigure.filter.TypeExcludeFiltersContextCustomizer@c88cde1b, org.springframework.boot.test.autoconfigure.properties.PropertyMappingContextCustomizer@d29d4953, org.springframework.boot.test.autoconfigure.web.servlet.WebDriverContextCustomizerFactory$Customizer@2c009f89, [ImportsContextCustomizer@4f8a460e key = [org.springframework.boot.autoconfigure.cache.CacheAutoConfiguration, org.springframework.boot.autoconfigure.context.MessageSourceAutoConfiguration, org.springframework.boot.autoconfigure.data.web.SpringDataWebAutoConfiguration, org.springframework.boot.autoconfigure.freemarker.FreeMarkerAutoConfiguration, org.springframework.boot.autoconfigure.groovy.template.GroovyTemplateAutoConfiguration, org.springframework.boot.autoconfigure.gson.GsonAutoConfiguration, org.springframework.boot.autoconfigure.hateoas.HypermediaAutoConfiguration, org.springframework.boot.autoconfigure.http.HttpMessageConvertersAutoConfiguration, org.springframework.boot.autoconfigure.jackson.JacksonAutoConfiguration, org.springframework.boot.autoconfigure.jsonb.JsonbAutoConfiguration, org.springframework.boot.autoconfigure.mustache.MustacheAutoConfiguration, org.springframework.boot.autoconfigure.task.TaskExecutionAutoConfiguration, org.springframework.boot.autoconfigure.thymeleaf.ThymeleafAutoConfiguration, org.springframework.boot.autoconfigure.validation.ValidationAutoConfiguration, org.springframework.boot.autoconfigure.web.servlet.error.ErrorMvcAutoConfiguration, org.springframework.boot.autoconfigure.web.servlet.WebMvcAutoConfiguration, org.springframework.boot.test.autoconfigure.web.servlet.MockMvcAutoConfiguration, org.springframework.boot.test.autoconfigure.web.servlet.MockMvcSecurityAutoConfiguration, org.springframework.boot.test.autoconfigure.web.servlet.MockMvcWebClientAutoConfiguration, org.springframework.boot.test.autoconfigure.web.servlet.MockMvcWebDriverAutoConfiguration]], org.springframework.boot.test.context.filter.ExcludeFilterContextCustomizer@67291a99, org.springframework.boot.test.json.DuplicateJsonObjectContextCustomizerFactory$DuplicateJsonObjectContextCustomizer@2bf5eb4b, org.springframework.boot.test.mock.mockito.MockitoContextCustomizer@0], resourceBasePath = 'src/main/webapp', contextLoader = 'org.springframework.boot.test.context.SpringBootContextLoader', parent = [null]], attributes = map[[empty]]], class annotated with @DirtiesContext [false] with mode [null].
13:36:10.148 [Test worker] DEBUG org.springframework.test.annotation.ProfileValueUtils - Retrieved @ProfileValueSourceConfiguration [null] for test class [com.chany.book.springboot.web.HelloControllerTest]
13:36:10.149 [Test worker] DEBUG org.springframework.test.annotation.ProfileValueUtils - Retrieved ProfileValueSource type [class org.springframework.test.annotation.SystemProfileValueSource] for class [com.chany.book.springboot.web.HelloControllerTest]
13:36:10.156 [Test worker] DEBUG org.springframework.test.context.support.DependencyInjectionTestExecutionListener - Performing dependency injection for test context [[DefaultTestContext@497ae47e testClass = HelloControllerTest, testInstance = com.chany.book.springboot.web.HelloControllerTest@21d24259, testMethod = [null], testException = [null], mergedContextConfiguration = [WebMergedContextConfiguration@72ff70ac testClass = HelloControllerTest, locations = '{}', classes = '{class com.chany.book.springboot.Application}', contextInitializerClasses = '[]', activeProfiles = '{}', propertySourceLocations = '{}', propertySourceProperties = '{org.springframework.boot.test.autoconfigure.web.servlet.WebMvcTestContextBootstrapper=true}', contextCustomizers = set[org.springframework.boot.test.autoconfigure.OverrideAutoConfigurationContextCustomizerFactory$DisableAutoConfigurationContextCustomizer@128b455a, org.springframework.boot.test.autoconfigure.filter.TypeExcludeFiltersContextCustomizer@c88cde1b, org.springframework.boot.test.autoconfigure.properties.PropertyMappingContextCustomizer@d29d4953, org.springframework.boot.test.autoconfigure.web.servlet.WebDriverContextCustomizerFactory$Customizer@2c009f89, [ImportsContextCustomizer@4f8a460e key = [org.springframework.boot.autoconfigure.cache.CacheAutoConfiguration, org.springframework.boot.autoconfigure.context.MessageSourceAutoConfiguration, org.springframework.boot.autoconfigure.data.web.SpringDataWebAutoConfiguration, org.springframework.boot.autoconfigure.freemarker.FreeMarkerAutoConfiguration, org.springframework.boot.autoconfigure.groovy.template.GroovyTemplateAutoConfiguration, org.springframework.boot.autoconfigure.gson.GsonAutoConfiguration, org.springframework.boot.autoconfigure.hateoas.HypermediaAutoConfiguration, org.springframework.boot.autoconfigure.http.HttpMessageConvertersAutoConfiguration, org.springframework.boot.autoconfigure.jackson.JacksonAutoConfiguration, org.springframework.boot.autoconfigure.jsonb.JsonbAutoConfiguration, org.springframework.boot.autoconfigure.mustache.MustacheAutoConfiguration, org.springframework.boot.autoconfigure.task.TaskExecutionAutoConfiguration, org.springframework.boot.autoconfigure.thymeleaf.ThymeleafAutoConfiguration, org.springframework.boot.autoconfigure.validation.ValidationAutoConfiguration, org.springframework.boot.autoconfigure.web.servlet.error.ErrorMvcAutoConfiguration, org.springframework.boot.autoconfigure.web.servlet.WebMvcAutoConfiguration, org.springframework.boot.test.autoconfigure.web.servlet.MockMvcAutoConfiguration, org.springframework.boot.test.autoconfigure.web.servlet.MockMvcSecurityAutoConfiguration, org.springframework.boot.test.autoconfigure.web.servlet.MockMvcWebClientAutoConfiguration, org.springframework.boot.test.autoconfigure.web.servlet.MockMvcWebDriverAutoConfiguration]], org.springframework.boot.test.context.filter.ExcludeFilterContextCustomizer@67291a99, org.springframework.boot.test.json.DuplicateJsonObjectContextCustomizerFactory$DuplicateJsonObjectContextCustomizer@2bf5eb4b, org.springframework.boot.test.mock.mockito.MockitoContextCustomizer@0], resourceBasePath = 'src/main/webapp', contextLoader = 'org.springframework.boot.test.context.SpringBootContextLoader', parent = [null]], attributes = map[[empty]]]].
13:36:10.329 [Test worker] DEBUG org.springframework.test.context.support.TestPropertySourceUtils - Adding inlined properties to environment: {spring.jmx.enabled=false, org.springframework.boot.test.autoconfigure.web.servlet.WebMvcTestContextBootstrapper=true, server.port=-1}

  .   ____          _            __ _ _
 /\\ / ___'_ __ _ _(_)_ __  __ _ \ \ \ \
( ( )\___ | '_ | '_| | '_ \/ _` | \ \ \ \
 \\/  ___)| |_)| | | | | || (_| |  ) ) ) )
  '  |____| .__|_| |_|_| |_\__, | / / / /
 =========|_|==============|___/=/_/_/_/
 :: Spring Boot ::        (v2.1.7.RELEASE)

2020-03-19 13:36:10.769  INFO 856 --- [    Test worker] c.c.b.s.web.HelloControllerTest          : Starting HelloControllerTest on DESKTOP-LO4DD99 with PID 856 (started by chann in C:\Users\chann\IdeaProjects\prac-springboot2-websevice)
2020-03-19 13:36:10.773  INFO 856 --- [    Test worker] c.c.b.s.web.HelloControllerTest          : No active profile set, falling back to default profiles: default
2020-03-19 13:36:12.837  INFO 856 --- [    Test worker] o.s.s.concurrent.ThreadPoolTaskExecutor  : Initializing ExecutorService 'applicationTaskExecutor'
2020-03-19 13:36:12.986  INFO 856 --- [    Test worker] o.s.b.a.w.s.WelcomePageHandlerMapping    : Adding welcome page template: index
2020-03-19 13:36:13.511  INFO 856 --- [    Test worker] .s.s.UserDetailsServiceAutoConfiguration : 

Using generated security password: 44e96775-fc16-4576-9706-5cbb30cbf3d5

2020-03-19 13:36:13.866  INFO 856 --- [    Test worker] o.s.s.web.DefaultSecurityFilterChain     : Creating filter chain: any request, [org.springframework.security.web.context.request.async.WebAsyncManagerIntegrationFilter@75d9ce2f, org.springframework.security.web.context.SecurityContextPersistenceFilter@5d6fd153, org.springframework.security.web.header.HeaderWriterFilter@37c8e327, org.springframework.security.web.csrf.CsrfFilter@660176d, org.springframework.security.web.authentication.logout.LogoutFilter@337165c2, org.springframework.security.web.authentication.UsernamePasswordAuthenticationFilter@1c07bdd3, org.springframework.security.web.authentication.ui.DefaultLoginPageGeneratingFilter@6a3b553f, org.springframework.security.web.authentication.ui.DefaultLogoutPageGeneratingFilter@ac3b3c8, org.springframework.security.web.authentication.www.BasicAuthenticationFilter@15c1bc4a, org.springframework.security.web.savedrequest.RequestCacheAwareFilter@53843c26, org.springframework.security.web.servletapi.SecurityContextHolderAwareRequestFilter@5960bcaa, org.springframework.security.web.authentication.AnonymousAuthenticationFilter@333cd163, org.springframework.security.web.session.SessionManagementFilter@79a6f177, org.springframework.security.web.access.ExceptionTranslationFilter@67b55abd, org.springframework.security.web.access.intercept.FilterSecurityInterceptor@2689c270]
2020-03-19 13:36:13.944  INFO 856 --- [    Test worker] o.s.b.t.m.w.SpringBootMockServletContext : Initializing Spring TestDispatcherServlet ''
2020-03-19 13:36:13.944  INFO 856 --- [    Test worker] o.s.t.web.servlet.TestDispatcherServlet  : Initializing Servlet ''
2020-03-19 13:36:13.965  INFO 856 --- [    Test worker] o.s.t.web.servlet.TestDispatcherServlet  : Completed initialization in 21 ms
2020-03-19 13:36:14.033  INFO 856 --- [    Test worker] c.c.b.s.web.HelloControllerTest          : Started HelloControllerTest in 3.689 seconds (JVM running for 5.933)
]]></system-out>
  <system-err><![CDATA[]]></system-err>
</testsuite>
