<?xml version="1.0" encoding="UTF-8"?>
<testsuite name="com.chany.book.springboot.web.PostsApiControllerTest" tests="1" skipped="0" failures="0" errors="0" timestamp="2020-03-15T13:03:09" hostname="DESKTOP-LO4DD99" time="1.208">
  <properties/>
  <testcase name="Posts_등록된다" classname="com.chany.book.springboot.web.PostsApiControllerTest" time="1.208"/>
  <system-out><![CDATA[22:03:00.280 [Test worker] DEBUG org.springframework.test.context.junit4.SpringJUnit4ClassRunner - SpringJUnit4ClassRunner constructor called with [class com.chany.book.springboot.web.PostsApiControllerTest]
22:03:00.293 [Test worker] DEBUG org.springframework.test.context.BootstrapUtils - Instantiating CacheAwareContextLoaderDelegate from class [org.springframework.test.context.cache.DefaultCacheAwareContextLoaderDelegate]
22:03:00.305 [Test worker] DEBUG org.springframework.test.context.BootstrapUtils - Instantiating BootstrapContext using constructor [public org.springframework.test.context.support.DefaultBootstrapContext(java.lang.Class,org.springframework.test.context.CacheAwareContextLoaderDelegate)]
22:03:00.332 [Test worker] DEBUG org.springframework.test.context.BootstrapUtils - Instantiating TestContextBootstrapper for test class [com.chany.book.springboot.web.PostsApiControllerTest] from class [org.springframework.boot.test.context.SpringBootTestContextBootstrapper]
22:03:00.357 [Test worker] INFO org.springframework.boot.test.context.SpringBootTestContextBootstrapper - Neither @ContextConfiguration nor @ContextHierarchy found for test class [com.chany.book.springboot.web.PostsApiControllerTest], using SpringBootContextLoader
22:03:00.365 [Test worker] DEBUG org.springframework.test.context.support.AbstractContextLoader - Did not detect default resource location for test class [com.chany.book.springboot.web.PostsApiControllerTest]: class path resource [com/chany/book/springboot/web/PostsApiControllerTest-context.xml] does not exist
22:03:00.367 [Test worker] DEBUG org.springframework.test.context.support.AbstractContextLoader - Did not detect default resource location for test class [com.chany.book.springboot.web.PostsApiControllerTest]: class path resource [com/chany/book/springboot/web/PostsApiControllerTestContext.groovy] does not exist
22:03:00.367 [Test worker] INFO org.springframework.test.context.support.AbstractContextLoader - Could not detect default resource locations for test class [com.chany.book.springboot.web.PostsApiControllerTest]: no resource found for suffixes {-context.xml, Context.groovy}.
22:03:00.369 [Test worker] INFO org.springframework.test.context.support.AnnotationConfigContextLoaderUtils - Could not detect default configuration classes for test class [com.chany.book.springboot.web.PostsApiControllerTest]: PostsApiControllerTest does not declare any static, non-private, non-final, nested classes annotated with @Configuration.
22:03:00.494 [Test worker] DEBUG org.springframework.test.context.support.ActiveProfilesUtils - Could not find an 'annotation declaring class' for annotation type [org.springframework.test.context.ActiveProfiles] and class [com.chany.book.springboot.web.PostsApiControllerTest]
22:03:00.650 [Test worker] DEBUG org.springframework.context.annotation.ClassPathScanningCandidateComponentProvider - Identified candidate component class: file [C:\Users\chann\IdeaProjects\prac-springboot2-websevice\build\classes\java\main\com\chany\book\springboot\Application.class]
22:03:00.652 [Test worker] INFO org.springframework.boot.test.context.SpringBootTestContextBootstrapper - Found @SpringBootConfiguration com.chany.book.springboot.Application for test class com.chany.book.springboot.web.PostsApiControllerTest
22:03:00.782 [Test worker] DEBUG org.springframework.boot.test.context.SpringBootTestContextBootstrapper - @TestExecutionListeners is not present for class [com.chany.book.springboot.web.PostsApiControllerTest]: using defaults.
22:03:00.783 [Test worker] INFO org.springframework.boot.test.context.SpringBootTestContextBootstrapper - Loaded default TestExecutionListener class names from location [META-INF/spring.factories]: [org.springframework.boot.test.autoconfigure.restdocs.RestDocsTestExecutionListener, org.springframework.boot.test.autoconfigure.web.client.MockRestServiceServerResetTestExecutionListener, org.springframework.boot.test.autoconfigure.web.servlet.MockMvcPrintOnlyOnFailureTestExecutionListener, org.springframework.boot.test.autoconfigure.web.servlet.WebDriverTestExecutionListener, org.springframework.boot.test.mock.mockito.MockitoTestExecutionListener, org.springframework.boot.test.mock.mockito.ResetMocksTestExecutionListener, org.springframework.test.context.web.ServletTestExecutionListener, org.springframework.test.context.support.DirtiesContextBeforeModesTestExecutionListener, org.springframework.test.context.support.DependencyInjectionTestExecutionListener, org.springframework.test.context.support.DirtiesContextTestExecutionListener, org.springframework.test.context.transaction.TransactionalTestExecutionListener, org.springframework.test.context.jdbc.SqlScriptsTestExecutionListener]
22:03:00.812 [Test worker] INFO org.springframework.boot.test.context.SpringBootTestContextBootstrapper - Using TestExecutionListeners: [org.springframework.test.context.web.ServletTestExecutionListener@682663fb, org.springframework.test.context.support.DirtiesContextBeforeModesTestExecutionListener@2da040f3, org.springframework.boot.test.mock.mockito.MockitoTestExecutionListener@393cad52, org.springframework.boot.test.autoconfigure.SpringBootDependencyInjectionTestExecutionListener@179ff234, org.springframework.test.context.support.DirtiesContextTestExecutionListener@4cfd7287, org.springframework.test.context.transaction.TransactionalTestExecutionListener@63f50433, org.springframework.test.context.jdbc.SqlScriptsTestExecutionListener@3fff7322, org.springframework.boot.test.autoconfigure.restdocs.RestDocsTestExecutionListener@571938bb, org.springframework.boot.test.autoconfigure.web.client.MockRestServiceServerResetTestExecutionListener@70d71195, org.springframework.boot.test.autoconfigure.web.servlet.MockMvcPrintOnlyOnFailureTestExecutionListener@3b484720, org.springframework.boot.test.autoconfigure.web.servlet.WebDriverTestExecutionListener@7f6a5508, org.springframework.boot.test.mock.mockito.ResetMocksTestExecutionListener@612876be]
22:03:00.818 [Test worker] DEBUG org.springframework.test.annotation.ProfileValueUtils - Retrieved @ProfileValueSourceConfiguration [null] for test class [com.chany.book.springboot.web.PostsApiControllerTest]
22:03:00.819 [Test worker] DEBUG org.springframework.test.annotation.ProfileValueUtils - Retrieved ProfileValueSource type [class org.springframework.test.annotation.SystemProfileValueSource] for class [com.chany.book.springboot.web.PostsApiControllerTest]
22:03:00.834 [Test worker] DEBUG org.springframework.test.annotation.ProfileValueUtils - Retrieved @ProfileValueSourceConfiguration [null] for test class [com.chany.book.springboot.web.PostsApiControllerTest]
22:03:00.834 [Test worker] DEBUG org.springframework.test.annotation.ProfileValueUtils - Retrieved ProfileValueSource type [class org.springframework.test.annotation.SystemProfileValueSource] for class [com.chany.book.springboot.web.PostsApiControllerTest]
22:03:00.835 [Test worker] DEBUG org.springframework.test.annotation.ProfileValueUtils - Retrieved @ProfileValueSourceConfiguration [null] for test class [com.chany.book.springboot.web.PostsApiControllerTest]
22:03:00.836 [Test worker] DEBUG org.springframework.test.annotation.ProfileValueUtils - Retrieved ProfileValueSource type [class org.springframework.test.annotation.SystemProfileValueSource] for class [com.chany.book.springboot.web.PostsApiControllerTest]
22:03:00.841 [Test worker] DEBUG org.springframework.test.context.support.AbstractDirtiesContextTestExecutionListener - Before test class: context [DefaultTestContext@7978cef2 testClass = PostsApiControllerTest, testInstance = [null], testMethod = [null], testException = [null], mergedContextConfiguration = [WebMergedContextConfiguration@242eb76b testClass = PostsApiControllerTest, locations = '{}', classes = '{class com.chany.book.springboot.Application}', contextInitializerClasses = '[]', activeProfiles = '{}', propertySourceLocations = '{}', propertySourceProperties = '{org.springframework.boot.test.context.SpringBootTestContextBootstrapper=true, server.port=0}', contextCustomizers = set[org.springframework.boot.test.autoconfigure.properties.PropertyMappingContextCustomizer@0, org.springframework.boot.test.autoconfigure.web.servlet.WebDriverContextCustomizerFactory$Customizer@17426b83, org.springframework.boot.test.context.filter.ExcludeFilterContextCustomizer@5b6a573e, org.springframework.boot.test.json.DuplicateJsonObjectContextCustomizerFactory$DuplicateJsonObjectContextCustomizer@3dd2d2c5, org.springframework.boot.test.mock.mockito.MockitoContextCustomizer@0, org.springframework.boot.test.web.client.TestRestTemplateContextCustomizer@49249f18], resourceBasePath = 'src/main/webapp', contextLoader = 'org.springframework.boot.test.context.SpringBootContextLoader', parent = [null]], attributes = map['org.springframework.test.context.web.ServletTestExecutionListener.activateListener' -> false]], class annotated with @DirtiesContext [false] with mode [null].
22:03:00.842 [Test worker] DEBUG org.springframework.test.annotation.ProfileValueUtils - Retrieved @ProfileValueSourceConfiguration [null] for test class [com.chany.book.springboot.web.PostsApiControllerTest]
22:03:00.843 [Test worker] DEBUG org.springframework.test.annotation.ProfileValueUtils - Retrieved ProfileValueSource type [class org.springframework.test.annotation.SystemProfileValueSource] for class [com.chany.book.springboot.web.PostsApiControllerTest]
22:03:00.851 [Test worker] DEBUG org.springframework.test.context.support.DependencyInjectionTestExecutionListener - Performing dependency injection for test context [[DefaultTestContext@7978cef2 testClass = PostsApiControllerTest, testInstance = com.chany.book.springboot.web.PostsApiControllerTest@12a2538d, testMethod = [null], testException = [null], mergedContextConfiguration = [WebMergedContextConfiguration@242eb76b testClass = PostsApiControllerTest, locations = '{}', classes = '{class com.chany.book.springboot.Application}', contextInitializerClasses = '[]', activeProfiles = '{}', propertySourceLocations = '{}', propertySourceProperties = '{org.springframework.boot.test.context.SpringBootTestContextBootstrapper=true, server.port=0}', contextCustomizers = set[org.springframework.boot.test.autoconfigure.properties.PropertyMappingContextCustomizer@0, org.springframework.boot.test.autoconfigure.web.servlet.WebDriverContextCustomizerFactory$Customizer@17426b83, org.springframework.boot.test.context.filter.ExcludeFilterContextCustomizer@5b6a573e, org.springframework.boot.test.json.DuplicateJsonObjectContextCustomizerFactory$DuplicateJsonObjectContextCustomizer@3dd2d2c5, org.springframework.boot.test.mock.mockito.MockitoContextCustomizer@0, org.springframework.boot.test.web.client.TestRestTemplateContextCustomizer@49249f18], resourceBasePath = 'src/main/webapp', contextLoader = 'org.springframework.boot.test.context.SpringBootContextLoader', parent = [null]], attributes = map['org.springframework.test.context.web.ServletTestExecutionListener.activateListener' -> false]]].
22:03:00.886 [Test worker] DEBUG org.springframework.test.context.support.TestPropertySourceUtils - Adding inlined properties to environment: {spring.jmx.enabled=false, org.springframework.boot.test.context.SpringBootTestContextBootstrapper=true, server.port=0}

  .   ____          _            __ _ _
 /\\ / ___'_ __ _ _(_)_ __  __ _ \ \ \ \
( ( )\___ | '_ | '_| | '_ \/ _` | \ \ \ \
 \\/  ___)| |_)| | | | | || (_| |  ) ) ) )
  '  |____| .__|_| |_|_| |_\__, | / / / /
 =========|_|==============|___/=/_/_/_/
 :: Spring Boot ::        (v2.1.7.RELEASE)

2020-03-15 22:03:01.573  INFO 16972 --- [    Test worker] c.c.b.s.web.PostsApiControllerTest       : Starting PostsApiControllerTest on DESKTOP-LO4DD99 with PID 16972 (started by chann in C:\Users\chann\IdeaProjects\prac-springboot2-websevice)
2020-03-15 22:03:01.576  INFO 16972 --- [    Test worker] c.c.b.s.web.PostsApiControllerTest       : No active profile set, falling back to default profiles: default
2020-03-15 22:03:02.823  INFO 16972 --- [    Test worker] .s.d.r.c.RepositoryConfigurationDelegate : Bootstrapping Spring Data repositories in DEFAULT mode.
2020-03-15 22:03:02.949  INFO 16972 --- [    Test worker] .s.d.r.c.RepositoryConfigurationDelegate : Finished Spring Data repository scanning in 110ms. Found 1 repository interfaces.
2020-03-15 22:03:03.635  INFO 16972 --- [    Test worker] trationDelegate$BeanPostProcessorChecker : Bean 'org.springframework.transaction.annotation.ProxyTransactionManagementConfiguration' of type [org.springframework.transaction.annotation.ProxyTransactionManagementConfiguration$$EnhancerBySpringCGLIB$$d1c83795] is not eligible for getting processed by all BeanPostProcessors (for example: not eligible for auto-proxying)
2020-03-15 22:03:04.441  INFO 16972 --- [    Test worker] o.s.b.w.embedded.tomcat.TomcatWebServer  : Tomcat initialized with port(s): 0 (http)
2020-03-15 22:03:04.504  INFO 16972 --- [    Test worker] o.apache.catalina.core.StandardService   : Starting service [Tomcat]
2020-03-15 22:03:04.505  INFO 16972 --- [    Test worker] org.apache.catalina.core.StandardEngine  : Starting Servlet engine: [Apache Tomcat/9.0.22]
2020-03-15 22:03:04.810  INFO 16972 --- [    Test worker] o.a.c.c.C.[Tomcat].[localhost].[/]       : Initializing Spring embedded WebApplicationContext
2020-03-15 22:03:04.810  INFO 16972 --- [    Test worker] o.s.web.context.ContextLoader            : Root WebApplicationContext: initialization completed in 3196 ms
2020-03-15 22:03:05.279  INFO 16972 --- [    Test worker] com.zaxxer.hikari.HikariDataSource       : HikariPool-1 - Starting...
2020-03-15 22:03:05.605  INFO 16972 --- [    Test worker] com.zaxxer.hikari.HikariDataSource       : HikariPool-1 - Start completed.
2020-03-15 22:03:05.795  INFO 16972 --- [    Test worker] o.hibernate.jpa.internal.util.LogHelper  : HHH000204: Processing PersistenceUnitInfo [
	name: default
	...]
2020-03-15 22:03:05.948  INFO 16972 --- [    Test worker] org.hibernate.Version                    : HHH000412: Hibernate Core {5.3.10.Final}
2020-03-15 22:03:05.953  INFO 16972 --- [    Test worker] org.hibernate.cfg.Environment            : HHH000206: hibernate.properties not found
2020-03-15 22:03:06.317  INFO 16972 --- [    Test worker] o.hibernate.annotations.common.Version   : HCANN000001: Hibernate Commons Annotations {5.0.4.Final}
2020-03-15 22:03:06.614  INFO 16972 --- [    Test worker] org.hibernate.dialect.Dialect            : HHH000400: Using dialect: org.hibernate.dialect.MySQL5InnoDBDialect
Hibernate: drop table if exists posts
Hibernate: create table posts (id bigint not null auto_increment, author varchar(255), content TEXT not null, title varchar(500) not null, primary key (id)) engine=InnoDB
2020-03-15 22:03:07.837  INFO 16972 --- [    Test worker] o.h.t.schema.internal.SchemaCreatorImpl  : HHH000476: Executing import script 'org.hibernate.tool.schema.internal.exec.ScriptSourceInputNonExistentImpl@1b999f3d'
2020-03-15 22:03:07.843  INFO 16972 --- [    Test worker] j.LocalContainerEntityManagerFactoryBean : Initialized JPA EntityManagerFactory for persistence unit 'default'
2020-03-15 22:03:09.044  INFO 16972 --- [    Test worker] o.s.s.concurrent.ThreadPoolTaskExecutor  : Initializing ExecutorService 'applicationTaskExecutor'
2020-03-15 22:03:09.175  WARN 16972 --- [    Test worker] aWebConfiguration$JpaWebMvcConfiguration : spring.jpa.open-in-view is enabled by default. Therefore, database queries may be performed during view rendering. Explicitly configure spring.jpa.open-in-view to disable this warning
2020-03-15 22:03:09.808  INFO 16972 --- [    Test worker] o.s.b.w.embedded.tomcat.TomcatWebServer  : Tomcat started on port(s): 55296 (http) with context path ''
2020-03-15 22:03:09.815  INFO 16972 --- [    Test worker] c.c.b.s.web.PostsApiControllerTest       : Started PostsApiControllerTest in 8.921 seconds (JVM running for 11.527)
2020-03-15 22:03:10.252  INFO 16972 --- [o-auto-1-exec-1] o.a.c.c.C.[Tomcat].[localhost].[/]       : Initializing Spring DispatcherServlet 'dispatcherServlet'
2020-03-15 22:03:10.253  INFO 16972 --- [o-auto-1-exec-1] o.s.web.servlet.DispatcherServlet        : Initializing Servlet 'dispatcherServlet'
2020-03-15 22:03:10.292  INFO 16972 --- [o-auto-1-exec-1] o.s.web.servlet.DispatcherServlet        : Completed initialization in 38 ms
Hibernate: insert into posts (author, content, title) values (?, ?, ?)
2020-03-15 22:03:10.774  INFO 16972 --- [    Test worker] o.h.h.i.QueryTranslatorFactoryInitiator  : HHH000397: Using ASTQueryTranslatorFactory
Hibernate: select posts0_.id as id1_0_, posts0_.author as author2_0_, posts0_.content as content3_0_, posts0_.title as title4_0_ from posts posts0_
Hibernate: select posts0_.id as id1_0_, posts0_.author as author2_0_, posts0_.content as content3_0_, posts0_.title as title4_0_ from posts posts0_
Hibernate: delete from posts where id=?
]]></system-out>
  <system-err><![CDATA[]]></system-err>
</testsuite>
