<?xml version="1.0" encoding="UTF-8"?>
<testsuite name="com.chany.book.springboot.web.PostsApiControllerTest" tests="2" skipped="0" failures="0" errors="0" timestamp="2020-03-19T04:36:24" hostname="DESKTOP-LO4DD99" time="0.125">
  <properties/>
  <testcase name="Posts_등록된다" classname="com.chany.book.springboot.web.PostsApiControllerTest" time="0.089"/>
  <testcase name="Posts_수정된다" classname="com.chany.book.springboot.web.PostsApiControllerTest" time="0.036"/>
  <system-out><![CDATA[2020-03-19 13:36:24.662  INFO 856 --- [    Test worker] .b.t.c.SpringBootTestContextBootstrapper : Neither @ContextConfiguration nor @ContextHierarchy found for test class [com.chany.book.springboot.web.PostsApiControllerTest], using SpringBootContextLoader
2020-03-19 13:36:24.663  INFO 856 --- [    Test worker] o.s.t.c.support.AbstractContextLoader    : Could not detect default resource locations for test class [com.chany.book.springboot.web.PostsApiControllerTest]: no resource found for suffixes {-context.xml, Context.groovy}.
2020-03-19 13:36:24.663  INFO 856 --- [    Test worker] t.c.s.AnnotationConfigContextLoaderUtils : Could not detect default configuration classes for test class [com.chany.book.springboot.web.PostsApiControllerTest]: PostsApiControllerTest does not declare any static, non-private, non-final, nested classes annotated with @Configuration.
2020-03-19 13:36:24.666  INFO 856 --- [    Test worker] .b.t.c.SpringBootTestContextBootstrapper : Found @SpringBootConfiguration com.chany.book.springboot.Application for test class com.chany.book.springboot.web.PostsApiControllerTest
2020-03-19 13:36:24.668  INFO 856 --- [    Test worker] .b.t.c.SpringBootTestContextBootstrapper : Loaded default TestExecutionListener class names from location [META-INF/spring.factories]: [org.springframework.security.test.context.support.WithSecurityContextTestExecutionListener, org.springframework.security.test.context.support.ReactorContextTestExecutionListener, org.springframework.boot.test.autoconfigure.restdocs.RestDocsTestExecutionListener, org.springframework.boot.test.autoconfigure.web.client.MockRestServiceServerResetTestExecutionListener, org.springframework.boot.test.autoconfigure.web.servlet.MockMvcPrintOnlyOnFailureTestExecutionListener, org.springframework.boot.test.autoconfigure.web.servlet.WebDriverTestExecutionListener, org.springframework.boot.test.mock.mockito.MockitoTestExecutionListener, org.springframework.boot.test.mock.mockito.ResetMocksTestExecutionListener, org.springframework.test.context.web.ServletTestExecutionListener, org.springframework.test.context.support.DirtiesContextBeforeModesTestExecutionListener, org.springframework.test.context.support.DependencyInjectionTestExecutionListener, org.springframework.test.context.support.DirtiesContextTestExecutionListener, org.springframework.test.context.transaction.TransactionalTestExecutionListener, org.springframework.test.context.jdbc.SqlScriptsTestExecutionListener]
2020-03-19 13:36:24.669  INFO 856 --- [    Test worker] .b.t.c.SpringBootTestContextBootstrapper : Using TestExecutionListeners: [org.springframework.test.context.web.ServletTestExecutionListener@3fe63605, org.springframework.test.context.support.DirtiesContextBeforeModesTestExecutionListener@1c11616b, org.springframework.boot.test.mock.mockito.MockitoTestExecutionListener@782fef72, org.springframework.boot.test.autoconfigure.SpringBootDependencyInjectionTestExecutionListener@70138526, org.springframework.test.context.support.DirtiesContextTestExecutionListener@7ecbd33f, org.springframework.test.context.transaction.TransactionalTestExecutionListener@69c6ffb4, org.springframework.test.context.jdbc.SqlScriptsTestExecutionListener@6e95d981, org.springframework.security.test.context.support.WithSecurityContextTestExecutionListener@2c35bc0, org.springframework.security.test.context.support.ReactorContextTestExecutionListener@22b1228c, org.springframework.boot.test.autoconfigure.restdocs.RestDocsTestExecutionListener@7cd44231, org.springframework.boot.test.autoconfigure.web.client.MockRestServiceServerResetTestExecutionListener@3c4dc5fb, org.springframework.boot.test.autoconfigure.web.servlet.MockMvcPrintOnlyOnFailureTestExecutionListener@244894e9, org.springframework.boot.test.autoconfigure.web.servlet.WebDriverTestExecutionListener@f4667ae, org.springframework.boot.test.mock.mockito.ResetMocksTestExecutionListener@515d69bd]
2020-03-19 13:36:24.679  INFO 856 --- [    Test worker] o.a.c.c.C.[Tomcat].[localhost].[/]       : Initializing Spring TestDispatcherServlet ''
2020-03-19 13:36:24.679  INFO 856 --- [    Test worker] o.s.t.web.servlet.TestDispatcherServlet  : Initializing Servlet ''
2020-03-19 13:36:24.681  INFO 856 --- [    Test worker] o.s.t.web.servlet.TestDispatcherServlet  : Completed initialization in 2 ms
Hibernate: insert into posts (created_date, modified_date, author, content, title) values (?, ?, ?, ?, ?)
Hibernate: select posts0_.id as id1_0_, posts0_.created_date as created_2_0_, posts0_.modified_date as modified3_0_, posts0_.author as author4_0_, posts0_.content as content5_0_, posts0_.title as title6_0_ from posts posts0_
Hibernate: select posts0_.id as id1_0_, posts0_.created_date as created_2_0_, posts0_.modified_date as modified3_0_, posts0_.author as author4_0_, posts0_.content as content5_0_, posts0_.title as title6_0_ from posts posts0_
Hibernate: delete from posts where id=?
2020-03-19 13:36:24.766  INFO 856 --- [    Test worker] o.a.c.c.C.[Tomcat].[localhost].[/]       : Initializing Spring TestDispatcherServlet ''
2020-03-19 13:36:24.766  INFO 856 --- [    Test worker] o.s.t.web.servlet.TestDispatcherServlet  : Initializing Servlet ''
2020-03-19 13:36:24.769  INFO 856 --- [    Test worker] o.s.t.web.servlet.TestDispatcherServlet  : Completed initialization in 3 ms
Hibernate: insert into posts (created_date, modified_date, author, content, title) values (?, ?, ?, ?, ?)
Hibernate: select posts0_.id as id1_0_0_, posts0_.created_date as created_2_0_0_, posts0_.modified_date as modified3_0_0_, posts0_.author as author4_0_0_, posts0_.content as content5_0_0_, posts0_.title as title6_0_0_ from posts posts0_ where posts0_.id=?
Hibernate: update posts set created_date=?, modified_date=?, author=?, content=?, title=? where id=?
Hibernate: select posts0_.id as id1_0_, posts0_.created_date as created_2_0_, posts0_.modified_date as modified3_0_, posts0_.author as author4_0_, posts0_.content as content5_0_, posts0_.title as title6_0_ from posts posts0_
Hibernate: select posts0_.id as id1_0_, posts0_.created_date as created_2_0_, posts0_.modified_date as modified3_0_, posts0_.author as author4_0_, posts0_.content as content5_0_, posts0_.title as title6_0_ from posts posts0_
Hibernate: delete from posts where id=?
]]></system-out>
  <system-err><![CDATA[]]></system-err>
</testsuite>
